Wordpress
Wordpress-Akismet
owncloud6
MediaWiki
Joomla-2
Drupal7
Drupal6
Wordpress-Jetpack
Serendipity
Piwik
Drupal-Views
Wordpress-NextGEN
WebsiteBaker28
phpMyAdmin
Gallery2
WP Super Cache
Wordpress-timthumb
RoundCube
CMSMadeSimple
owncloud
phpThumb
Serendipity-freetag
Joomla-JCE
SquirrelMail
Mantis
SilverStripe
phpBB
SquirrelMail-gpg
phplist
Joomla-1_5
Wordpress-timthumb_renamed
Serendipity-mycalendar
limesurvey
Movable_Type
redaxo
Coppermine
PmWiki
webcalendar
videodb
awstats
W3 Total Cache
Vanilla2
zenphoto
Flyspray
Gallery3
TikiWiki
eGroupWare
MODX-1.x
Simple_Machines_Forum
Moodle
typo3-6
vBulletin
Piwigo/PhpWebGallery
PunBB
Wordpress-SliderRevolution
Wordpress-MailPoet
contao
wBB
limesurvey19
contao-old
webtrees
mig
