Moving my efforts back from WPScan project
==========================================

Multiple Dewplayer issues http://seclists.org/fulldisclosure/2013/Dec/209 https://github.com/wpscanteam/wpscan/issues/388
https://vexatioustendencies.com/wordpress-plugin-vulnerability-dump-part-1/  Contact Form v3.82 - (minor) CSRF (Plugin name: contact-form-plugin)
CVE-2003-1599
CVE-2012-3351
CVE-2013-7129 Jplayer.swf ExternalInterface.call() method jQuery parameter XSS http://osvdb.org/92254
CVE-2014-3123
CVE-2014-3841
CVE-2014-3842
CVE-2014-3843
CVE-2014-3844
CVE-2014-3845 
CVE-2014-4515
CVE-2014-4516
CVE-2014-4518
CVE-2014-4520
CVE-2014-4521
CVE-2014-4522
CVE-2014-4524
CVE-2014-4526
CVE-2014-4527
CVE-2014-4528
CVE-2014-4529
CVE-2014-4531
CVE-2014-4532
CVE-2014-4533
CVE-2014-4534
CVE-2014-4537
CVE-2014-4538
CVE-2014-4540
CVE-2014-4541
CVE-2014-4542
CVE-2014-4543
CVE-2014-4545
CVE-2014-4546
CVE-2014-4547
CVE-2014-4549
CVE-2014-4551
CVE-2014-4552
CVE-2014-4554
CVE-2014-4555
CVE-2014-4556
CVE-2014-4557
CVE-2014-4564
CVE-2014-4565
CVE-2014-4566
CVE-2014-4568
CVE-2014-4572
CVE-2014-4573
CVE-2014-4574
CVE-2014-4575
CVE-2014-4576
CVE-2014-4579
CVE-2014-4580
CVE-2014-4582
CVE-2014-4583
CVE-2014-4584
CVE-2014-4585
CVE-2014-4587
CVE-2014-4591
CVE-2014-4593
CVE-2014-4594
CVE-2014-4595
CVE-2014-4596
CVE-2014-4597
CVE-2014-4598
CVE-2014-4599
CVE-2014-4600
CVE-2014-6315
CVE-2014-7228 
CVE-2014-7297
CVE-2014-8336 http://www.openwall.com/lists/oss-security/2014/10/21/3
CVE-2014-8754 ad-manager-for-wp CWE-601 Open Redirec
CVE-2014-8799
CVE-2014-8949
CVE-2014-9094
CVE-2014-9097
CVE-2014-9098
CVE-2014-9099
CVE-2014-9100
CVE-2014-9129: XSS and CSRF in CM Download Manager plugin for WordPress #27 
CVE-2014-9173
CVE-2014-9174
CVE-2014-9175
CVE-2014-9176
CVE-2014-9177
CVE-2014-9178
CVE-2014-9179
CVE-2014-9292
